<?xml version="1.0" encoding="UTF-8"?>
<!-- Generated by org.testng.reporters.JUnitXMLReporter -->
<testsuite hostname="DESKTOP-V0OJO3P" name="Default test" tests="3" failures="0" timestamp="15 Jul 2020 04:46:46 GMT" time="25.405" errors="0">
  <testcase name="validateAddUserPageTitle" time="20.431" classname="com.test.UserTest"/>
  <testcase name="validateAddUserTest" time="4.703" classname="com.test.UserTest"/>
  <testcase name="countStateTest" time="0.244" classname="com.test.UserTest"/>
</testsuite> <!-- Default test -->
